Сборка начата 29.01.2024 15:46:12.
Уровень детализации журнала: Normal.     1>Проект "C:\ФИТ\Лабораторные работы\Лабораторные работы по ОАиП\2 сем\Лабораторная работа №24\Лабораторная работа №24  2\Лабораторная работа №24  2\Лабораторная работа №24  2.vcxproj" в узле 2 (целевые объекты Build).
     1>PrepareForBuild:
         Создание каталога "C:\ФИТ\Лабораторные работы\Лабораторные работы по ОАиП\2 сем\Лабораторная работа №24\Лабораторная работа №24  2\Debug\".
         Создание каталога "Debug\Лаборато.e6087b60.tlog\".
       InitializeBuildStatus:
         Создание "Debug\Лаборато.e6087b60.tlog\unsuccessfulbuild", так как было задано "AlwaysCreate".
       ClCompile:
         C:\Visual Studio\VC\Tools\MSVC\14.29.30133\bin\HostX86\x86\CL.exe /c /ZI /JMC /nologo /W3 /WX- /diagnostics:column /sdl /Od /Oy- /D WIN32 /D _DEBUG /D _CONSOLE /D _UNICODE /D UNICODE /Gm- /EHsc /RTC1 /MDd /GS /fp:precise /permissive- /Zc:wchar_t /Zc:forScope /Zc:inline /Fo"Debug\\" /Fd"Debug\vc142.pdb" /external:W3 /Gd /TP /analyze- /FC /errorReport:prompt main.cpp user_func.cpp
         main.cpp
         user_func.cpp
         Создание кода...
       Link:
         C:\Visual Studio\VC\Tools\MSVC\14.29.30133\bin\HostX86\x86\link.exe /ERRORREPORT:PROMPT /OUT:"C:\ФИТ\Лабораторные работы\Лабораторные работы по ОАиП\2 сем\Лабораторная работа №24\Лабораторная работа №24  2\Debug\Лабораторная работа №24  2.exe" /INCREMENTAL /ILK:"Debug\Лабораторная работа №24  2.ilk" /NOLOGO kernel32.lib user32.lib gdi32.lib winspool.lib comdlg32.lib advapi32.lib shell32.lib ole32.lib oleaut32.lib uuid.lib odbc32.lib odbccp32.lib /MANIFEST /MANIFESTUAC:"level='asInvoker' uiAccess='false'" /manifest:embed /DEBUG /PDB:"C:\ФИТ\Лабораторные работы\Лабораторные работы по ОАиП\2 сем\Лабораторная работа №24\Лабораторная работа №24  2\Debug\Лабораторная работа №24  2.pdb" /SUBSYSTEM:CONSOLE /TLBID:1 /DYNAMICBASE /NXCOMPAT /IMPLIB:"C:\ФИТ\Лабораторные работы\Лабораторные работы по ОАиП\2 сем\Лабораторная работа №24\Лабораторная работа №24  2\Debug\Лабораторная работа №24  2.lib" /MACHINE:X86 Debug\main.obj
         Debug\user_func.obj
         Лабораторная работа №24  2.vcxproj -> C:\ФИТ\Лабораторные работы\Лабораторные работы по ОАиП\2 сем\Лабораторная работа №24\Лабораторная работа №24  2\Debug\Лабораторная работа №24  2.exe
       FinalizeBuildStatus:
         Файл "Debug\Лаборато.e6087b60.tlog\unsuccessfulbuild" удаляется.
         Обращение к "Debug\Лаборато.e6087b60.tlog\Лабораторная работа №24  2.lastbuildstate".
     1>Сборка проекта "C:\ФИТ\Лабораторные работы\Лабораторные работы по ОАиП\2 сем\Лабораторная работа №24\Лабораторная работа №24  2\Лабораторная работа №24  2\Лабораторная работа №24  2.vcxproj" завершена (целевые объекты Build).

Сборка успешно завершена.
    Предупреждений: 0
    Ошибок: 0

Прошло времени 00:00:01.85
