Сборка начата 27.03.2024 08:58:10.
Уровень детализации журнала: Normal.     1>Проект "C:\ФИТ\Лабораторные работы\Лабораторные работы по ОАиП\2 сем\Lab25 OAIP\Lab25 OAIP\Lab25 OAIP.vcxproj" в узле 2 (целевые объекты Build).
     1>InitializeBuildStatus:
         Создание "Debug\Lab25 OAIP.tlog\unsuccessfulbuild", так как было задано "AlwaysCreate".
       ClCompile:
         C:\Visual Studio\VC\Tools\MSVC\14.29.30133\bin\HostX86\x86\CL.exe /c /ZI /JMC /nologo /W3 /WX- /diagnostics:column /sdl /Od /Oy- /D WIN32 /D _DEBUG /D _CONSOLE /D _UNICODE /D UNICODE /Gm- /EHsc /RTC1 /MDd /GS /fp:precise /permissive- /Zc:wchar_t /Zc:forScope /Zc:inline /Fo"Debug\\" /Fd"Debug\vc142.pdb" /external:W3 /Gd /TP /analyze- /FC /errorReport:prompt 11.cpp
         11.cpp
     1>C:\ФИТ\Лабораторные работы\Лабораторные работы по ОАиП\2 сем\Lab25 OAIP\Lab25 OAIP\11.cpp(157,25): warning C4018: <: несоответствие типов со знаком и без знака
       Link:
         C:\Visual Studio\VC\Tools\MSVC\14.29.30133\bin\HostX86\x86\link.exe /ERRORREPORT:PROMPT /OUT:"C:\ФИТ\Лабораторные работы\Лабораторные работы по ОАиП\2 сем\Lab25 OAIP\Debug\Lab25 OAIP.exe" /INCREMENTAL /ILK:"Debug\Lab25 OAIP.ilk" /NOLOGO kernel32.lib user32.lib gdi32.lib winspool.lib comdlg32.lib advapi32.lib shell32.lib ole32.lib oleaut32.lib uuid.lib odbc32.lib odbccp32.lib /MANIFEST /MANIFESTUAC:"level='asInvoker' uiAccess='false'" /manifest:embed /DEBUG /PDB:"C:\ФИТ\Лабораторные работы\Лабораторные работы по ОАиП\2 сем\Lab25 OAIP\Debug\Lab25 OAIP.pdb" /SUBSYSTEM:CONSOLE /TLBID:1 /DYNAMICBASE /NXCOMPAT /IMPLIB:"C:\ФИТ\Лабораторные работы\Лабораторные работы по ОАиП\2 сем\Lab25 OAIP\Debug\Lab25 OAIP.lib" /MACHINE:X86 Debug\11.obj
         Lab25 OAIP.vcxproj -> C:\ФИТ\Лабораторные работы\Лабораторные работы по ОАиП\2 сем\Lab25 OAIP\Debug\Lab25 OAIP.exe
       FinalizeBuildStatus:
         Файл "Debug\Lab25 OAIP.tlog\unsuccessfulbuild" удаляется.
         Обращение к "Debug\Lab25 OAIP.tlog\Lab25 OAIP.lastbuildstate".
     1>Сборка проекта "C:\ФИТ\Лабораторные работы\Лабораторные работы по ОАиП\2 сем\Lab25 OAIP\Lab25 OAIP\Lab25 OAIP.vcxproj" завершена (целевые объекты Build).

Сборка успешно завершена.

       "C:\ФИТ\Лабораторные работы\Лабораторные работы по ОАиП\2 сем\Lab25 OAIP\Lab25 OAIP\Lab25 OAIP.vcxproj" (целевой объект Build ) (1) ->
       (Целевой объект ClCompile) -> 
         C:\ФИТ\Лабораторные работы\Лабораторные работы по ОАиП\2 сем\Lab25 OAIP\Lab25 OAIP\11.cpp(157,25): warning C4018: <: несоответствие типов со знаком и без знака

    Предупреждений: 1
    Ошибок: 0

Прошло времени 00:00:01.86
