Сборка начата 19.04.2024 12:56:23.
Уровень детализации журнала: Normal.     1>Проект "C:\ФИТ\Лабораторные работы\Лабораторные работы по ОАиП\2 сем\Lab 32 OAIP\main\main.vcxproj" в узле 2 (целевые объекты Build).
     1>InitializeBuildStatus:
         Создание "Debug\main.tlog\unsuccessfulbuild", так как было задано "AlwaysCreate".
       ClCompile:
         C:\Visual Studio\VC\Tools\MSVC\14.29.30133\bin\HostX86\x86\CL.exe /c /ZI /JMC /nologo /W3 /WX- /diagnostics:column /sdl /Od /Oy- /D WIN32 /D _DEBUG /D _CONSOLE /D _UNICODE /D UNICODE /Gm- /EHsc /RTC1 /MDd /GS /fp:precise /permissive- /Zc:wchar_t /Zc:forScope /Zc:inline /Fo"Debug\\" /Fd"Debug\vc142.pdb" /external:W3 /Gd /TP /analyze- /FC /errorReport:prompt main.cpp
         main.cpp
     1>C:\ФИТ\Лабораторные работы\Лабораторные работы по ОАиП\2 сем\Lab 32 OAIP\main\main.cpp(81,13): warning C4244: аргумент: преобразование "time_t" в "unsigned int", возможна потеря данных
     1>C:\ФИТ\Лабораторные работы\Лабораторные работы по ОАиП\2 сем\Lab 32 OAIP\main\main.cpp(126,23): warning C4018: <: несоответствие типов со знаком и без знака
     1>C:\ФИТ\Лабораторные работы\Лабораторные работы по ОАиП\2 сем\Lab 32 OAIP\main\main.cpp(136,23): warning C4018: <: несоответствие типов со знаком и без знака
     1>C:\ФИТ\Лабораторные работы\Лабораторные работы по ОАиП\2 сем\Lab 32 OAIP\main\main.cpp(146,23): warning C4018: <: несоответствие типов со знаком и без знака
       Link:
         C:\Visual Studio\VC\Tools\MSVC\14.29.30133\bin\HostX86\x86\link.exe /ERRORREPORT:PROMPT /OUT:"C:\ФИТ\Лабораторные работы\Лабораторные работы по ОАиП\2 сем\Lab 32 OAIP\Debug\main.exe" /INCREMENTAL /ILK:"Debug\main.ilk" /NOLOGO kernel32.lib user32.lib gdi32.lib winspool.lib comdlg32.lib advapi32.lib shell32.lib ole32.lib oleaut32.lib uuid.lib odbc32.lib odbccp32.lib /MANIFEST /MANIFESTUAC:"level='asInvoker' uiAccess='false'" /manifest:embed /DEBUG /PDB:"C:\ФИТ\Лабораторные работы\Лабораторные работы по ОАиП\2 сем\Lab 32 OAIP\Debug\main.pdb" /SUBSYSTEM:CONSOLE /TLBID:1 /DYNAMICBASE /NXCOMPAT /IMPLIB:"C:\ФИТ\Лабораторные работы\Лабораторные работы по ОАиП\2 сем\Lab 32 OAIP\Debug\main.lib" /MACHINE:X86 Debug\main.obj
         main.vcxproj -> C:\ФИТ\Лабораторные работы\Лабораторные работы по ОАиП\2 сем\Lab 32 OAIP\Debug\main.exe
       FinalizeBuildStatus:
         Файл "Debug\main.tlog\unsuccessfulbuild" удаляется.
         Обращение к "Debug\main.tlog\main.lastbuildstate".
     1>Сборка проекта "C:\ФИТ\Лабораторные работы\Лабораторные работы по ОАиП\2 сем\Lab 32 OAIP\main\main.vcxproj" завершена (целевые объекты Build).

Сборка успешно завершена.

       "C:\ФИТ\Лабораторные работы\Лабораторные работы по ОАиП\2 сем\Lab 32 OAIP\main\main.vcxproj" (целевой объект Build ) (1) ->
       (Целевой объект ClCompile) -> 
         C:\ФИТ\Лабораторные работы\Лабораторные работы по ОАиП\2 сем\Lab 32 OAIP\main\main.cpp(81,13): warning C4244: аргумент: преобразование "time_t" в "unsigned int", возможна потеря данных
         C:\ФИТ\Лабораторные работы\Лабораторные работы по ОАиП\2 сем\Lab 32 OAIP\main\main.cpp(126,23): warning C4018: <: несоответствие типов со знаком и без знака
         C:\ФИТ\Лабораторные работы\Лабораторные работы по ОАиП\2 сем\Lab 32 OAIP\main\main.cpp(136,23): warning C4018: <: несоответствие типов со знаком и без знака
         C:\ФИТ\Лабораторные работы\Лабораторные работы по ОАиП\2 сем\Lab 32 OAIP\main\main.cpp(146,23): warning C4018: <: несоответствие типов со знаком и без знака

    Предупреждений: 4
    Ошибок: 0

Прошло времени 00:00:03.25
